{
  message: 'Employee were not addedTypeError',
  level: 'error',
  label: 'test label',
  timestamp: '2022-05-10T09:15:47.486Z'
}
{
  message: 'Employee were not addedTypeError',
  level: 'error',
  label: 'test label',
  timestamp: '2022-05-10T09:17:34.056Z'
}
{
  message: 'Employee were not addedTypeError',
  level: 'error',
  label: 'test label',
  timestamp: '2022-05-10T09:17:57.740Z'
}
{
  message: 'Style details not addedTypeError',
  level: 'error',
  label: 'test label',
  timestamp: '2022-05-10T09:25:12.933Z'
}
{
  message: 'Style details not addedTypeError',
  level: 'error',
  label: 'test label',
  timestamp: '2022-05-10T09:25:45.393Z'
}
{
  message: 'Style details not addedTypeError',
  level: 'error',
  label: 'test label',
  timestamp: '2022-05-10T09:26:58.935Z'
}
{
  message: 'Style details not addedTypeError',
  level: 'error',
  label: 'test label',
  timestamp: '2022-05-10T09:27:28.808Z'
}
{
  message: 'Style details not addedTypeError',
  level: 'error',
  label: 'test label',
  timestamp: '2022-05-10T09:28:47.574Z'
}
{
  message: 'Style details not addedTypeError',
  level: 'error',
  label: 'test label',
  timestamp: '2022-05-10T09:29:03.206Z'
}
{
  message: 'Style details not addedTypeError',
  level: 'error',
  label: 'test label',
  timestamp: '2022-05-10T09:29:23.753Z'
}
{
  message: 'Style details not addedTypeError',
  level: 'error',
  label: 'test label',
  timestamp: '2022-05-10T09:31:02.360Z'
}
{
  message: 'Style details not addedTypeError',
  level: 'error',
  label: 'test label',
  timestamp: '2022-05-10T09:32:01.971Z'
}
{
  message: 'Styles details not exsits for StyleName ds',
  level: 'error',
  label: 'test label',
  timestamp: '2022-05-10T09:44:32.277Z'
}
{
  message: 'Styles details not exsits for StyleName cd',
  level: 'error',
  label: 'test label',
  timestamp: '2022-05-10T09:58:21.155Z'
}
{
  message: 'Styles details not exsits for StyleName cd',
  level: 'error',
  label: 'test label',
  timestamp: '2022-05-10T10:02:06.580Z'
}
{
  message: 'Styles Details Fetching Error ReferenceError',
  level: 'error',
  label: 'test label',
  timestamp: '2022-05-11T08:58:55.980Z'
}
{
  message: 'Styles Details Fetching Error TypeError',
  level: 'error',
  label: 'test label',
  timestamp: '2022-05-11T08:59:43.947Z'
}
{
  message: 'Styles Details Fetching Error TypeError',
  level: 'error',
  label: 'test label',
  timestamp: '2022-05-11T09:01:03.751Z'
}
